<?xml version="1.0" encoding="UTF-8"?><testsuite errors="1" failures="0" name="Purchase" skipped="0" tests="1" time="32.53" timestamp="2023-08-25 09:54:30"><testcase name="Purchase Successfully"><error type="java.lang.NullPointerException"/><system-err>null&#13;
com.saucedemo.testing.utils.ExcelUtils.getCellData(ExcelUtils.java:39)&#13;
com.saucedemo.testing.tasks.LoginTask.performAs(LoginTask.java:32)&#13;
com.saucedemo.testing.stepdefinitions.PurchaseItemStepDefinition.iSubmitUsernameAndPassword(PurchaseItemStepDefinition.java:50)&#13;
cucumber.runner.Runner.runPickle(Runner.java:80)&#13;
</system-err></testcase></testsuite>