<?xml version="1.0" encoding="UTF-8"?><testsuite errors="0" failures="1" name="Buy fail book" skipped="0" tests="1" time="28.1" timestamp="2023-08-26 07:46:51"><testcase name="Purchase failed"><failure message="Expected enabled element was not enabled" type="net.thucydides.core.webdriver.exceptions.ElementShouldBeEnabledException">Expected enabled element was not enabled</failure><system-err>Expected enabled element was not enabled&#13;
com.saucedemo.testing.tasks.buyBookFailedTask.performAs(buyBookFailedTask.java:33)&#13;
com.saucedemo.testing.stepdefinitions.PurchaseItemStepDefinition.iSelectANonExistentBook(PurchaseItemStepDefinition.java:73)&#13;
cucumber.runner.Runner.runPickle(Runner.java:80)&#13;
</system-err></testcase></testsuite>